LS(5): (decisions,4)
LS(5): (rootSimplifications,0)
LS(5): (inspects,732)
LS(5): (updateLBD,0)
LS(5): (conflicts,0)
LS(5): (learnedternaryclauses,0)
LS(5): (learnedclauses,0)
LS(5): (reducedliterals,0)
LS(5): (ignoredclauses,0)
LS(5): (learnedbinaryclauses,0)
LS(5): (starts,1)
LS(5): (shortcuts,0)
LS(5): (reduceddb,0)
LS(5): (changedreason,0)
LS(5): (learnedliterals,0)
LS(5): (propagations,125)
LS(5): 1 4 5 2 3
LS(5): 5 2 3 1 4
LS(5): 3 1 4 5 2
LS(5): 4 5 2 3 1
LS(5): 2 3 1 4 5
CSV,5,125,1350,SAT,0.467467
LS(6): (decisions,14)
LS(6): (rootSimplifications,0)
LS(6): (inspects,904)
LS(6): (updateLBD,3)
LS(6): (conflicts,12)
LS(6): (learnedternaryclauses,3)
LS(6): (learnedclauses,9)
LS(6): (reducedliterals,11)
LS(6): (ignoredclauses,0)
LS(6): (learnedbinaryclauses,3)
LS(6): (starts,1)
LS(6): (shortcuts,0)
LS(6): (reduceddb,0)
LS(6): (changedreason,0)
LS(6): (learnedliterals,2)
LS(6): (propagations,297)
CSV,6,216,2844,UNSAT,0.270426
LS(7): (decisions,8)
LS(6): (rootSimplifications,0)
LS(6): (inspects,1996)
LS(6): (updateLBD,0)
LS(6): (conflicts,0)
LS(6): (learnedternaryclauses,0)
LS(6): (learnedclauses,0)
LS(6): (reducedliterals,0)
LS(6): (ignoredclauses,0)
LS(6): (learnedbinaryclauses,0)
LS(6): (starts,1)
LS(6): (shortcuts,0)
LS(6): (reduceddb,0)
LS(6): (changedreason,0)
LS(6): (learnedliterals,0)
LS(6): (propagations,343)
LS(6): 1 4 5 6 7 2 3
LS(6): 5 6 7 2 3 1 4
LS(6): 7 2 3 1 4 5 6
LS(6): 3 1 4 5 6 7 2
LS(6): 4 5 6 7 2 3 1
LS(6): 6 7 2 3 1 4 5
LS(6): 2 3 1 4 5 6 7
CSV,7,343,5341,SAT,0.19184
LS(7): (decisions,153)
LS(7): (rootSimplifications,0)
LS(7): (inspects,20963)
LS(7): (updateLBD,34)
LS(7): (conflicts,132)
LS(7): (learnedternaryclauses,6)
LS(7): (learnedclauses,125)
LS(7): (reducedliterals,193)
LS(7): (ignoredclauses,0)
LS(7): (learnedbinaryclauses,7)
LS(7): (starts,1)
LS(7): (shortcuts,0)
LS(7): (reduceddb,0)
LS(7): (changedreason,0)
LS(7): (learnedliterals,6)
LS(7): (propagations,3813)
LS(7): CSV,8,512,9216,UNSAT,0.325801
LS(7): (decisions,351)
LS(7): (rootSimplifications,0)
LS(7): (inspects,70845)
LS(7): (updateLBD,54)
LS(7): (conflicts,313)
LS(7): (learnedternaryclauses,13)
LS(7): (learnedclauses,308)
LS(7): (reducedliterals,906)
LS(7): (ignoredclauses,0)
LS(7): (learnedbinaryclauses,9)
LS(7): (starts,1)
LS(7): (shortcuts,0)
LS(7): (reduceddb,0)
LS(7): (changedreason,0)
LS(7): (learnedliterals,4)
LS(7): (propagations,9866)
LS(7): CSV,9,729,14904,UNSAT,0.550255
LS(7): (decisions,847)
LS(7): (rootSimplifications,0)
LS(7): (inspects,259200)
LS(7): (updateLBD,222)
LS(7): (conflicts,727)
LS(7): (learnedternaryclauses,4)
LS(7): (learnedclauses,721)
LS(7): (reducedliterals,2743)
LS(7): (ignoredclauses,0)
LS(7): (learnedbinaryclauses,1)
LS(7): (starts,2)
LS(7): (shortcuts,0)
LS(7): (reduceddb,0)
LS(7): (changedreason,0)
LS(7): (learnedliterals,5)
LS(7): (propagations,25258)
LS(11): CSV,10,1000,22900,UNSAT,1.065963
LS(11): (decisions,708)
LS(11): (rootSimplifications,0)
LS(11): (inspects,82280)
LS(11): (updateLBD,65)
LS(11): (conflicts,344)
LS(11): (learnedternaryclauses,0)
LS(11): (learnedclauses,344)
LS(11): (reducedliterals,70)
LS(11): (ignoredclauses,0)
LS(11): (learnedbinaryclauses,0)
LS(11): (starts,1)
LS(11): (shortcuts,0)
LS(11): (reduceddb,0)
LS(11): (changedreason,0)
LS(11): (learnedliterals,0)
LS(11): (propagations,14805)
LS(11): 1 10 11 3 5 9 8 6 4 2 7
LS(11): 4 2 7 1 10 11 3 5 9 8 6
LS(11): 9 8 6 4 2 7 1 10 11 3 5
LS(11): 11 3 5 9 8 6 4 2 7 1 10
LS(11): 7 1 10 11 3 5 9 8 6 4 2
LS(11): 6 4 2 7 1 10 11 3 5 9 8
LS(11): 5 9 8 6 4 2 7 1 10 11 3
LS(11): 10 11 3 5 9 8 6 4 2 7 1
LS(11): 2 7 1 10 11 3 5 9 8 6 4
LS(11): 8 6 4 2 7 1 10 11 3 5 9
LS(11): 3 5 9 8 6 4 2 7 1 10 11
CSV,11,1331,33759,SAT,2.331512
LS(13): (decisions,2553)
LS(13): (rootSimplifications,0)
LS(13): (inspects,2138506)
LS(13): (updateLBD,926)
LS(13): (conflicts,2295)
LS(13): (learnedternaryclauses,18)
LS(13): (learnedclauses,2287)
LS(13): (reducedliterals,11035)
LS(13): (ignoredclauses,0)
LS(13): (learnedbinaryclauses,7)
LS(13): (starts,3)
LS(13): (shortcuts,0)
LS(13): (reduceddb,0)
LS(13): (changedreason,0)
LS(13): (learnedliterals,7)
LS(13): (propagations,127763)
CSV,12,1728,48096,UNSAT,5.407753
LS(14): (decisions,32199)
LS(14): (rootSimplifications,0)
LS(14): (inspects,64757190)
LS(14): (updateLBD,13705)
LS(14): (conflicts,27741)
LS(14): (learnedternaryclauses,69)
LS(14): (learnedclauses,27727)
LS(14): (reducedliterals,321923)
LS(14): (ignoredclauses,0)
LS(14): (learnedbinaryclauses,34)
LS(14): (starts,28)
LS(14): (shortcuts,0)
LS(14): (reduceddb,4)
LS(14): (changedreason,0)
LS(14): (learnedliterals,13)
LS(14): (propagations,1393148)
CSV,14,2744,89964,UNSAT,35.053224
LS(15): (decisions,659418)
LS(15): (rootSimplifications,0)
LS(15): (inspects,4129536752)
LS(15): (updateLBD,198095)
LS(15): (conflicts,582101)
LS(15): (learnedternaryclauses,85)
LS(15): (learnedclauses,582093)
LS(15): (reducedliterals,10661058)
LS(15): (ignoredclauses,0)
LS(15): (learnedbinaryclauses,29)
LS(15): (starts,301)
LS(15): (shortcuts,0)
LS(15): (reduceddb,29)
LS(15): (changedreason,0)
LS(15): (learnedliterals,7)
LS(15): (propagations,24449926)
CSV,15,3375,119025,UNSAT,402.171786
LS(16): (decisions,725230)
LS(16): (rootSimplifications,0)
LS(16): (inspects,5971808369)
LS(16): (updateLBD,213810)
LS(16): (conflicts,643128)
LS(16): (learnedternaryclauses,121)
LS(16): (learnedclauses,643116)
LS(16): (reducedliterals,16532563)
LS(16): (ignoredclauses,0)
LS(16): (learnedbinaryclauses,40)
LS(16): (starts,339)
LS(16): (shortcuts,0)
LS(16): (reduceddb,31)
LS(16): (changedreason,0)
LS(16): (learnedliterals,11)
LS(16): (propagations,38535870)
CSV,16,4096,154624,UNSAT,554.339033
